
ROM used:   265/8192 (3%)
            265/8192 (3%) including unused fragments

            0.3 Average locations per line
            3.4 Average locations per statement

RAM used:   9/368 (2%) at main() level
            10/368 (3%) worst case

Stack used: 1 worst case (1 in main + 0 for interrupts)
Stack size: 8

Lines Stmts  %   Files
----- ----- ---  -----
  110    78 100  STEP MOTORLU GÜNEÞ TAKÝBÝ.c
  671     0   0  ..\..\..\..\..\..\..\Program Files (x86)\PICC\Devices\16f877a.h
----- -----
  781    78 Total

Page ROM  %  RAM   Vol Diff  Functions:
---- --- --- ---   --- ----  ----------
0     21   8    1             @delay_ms1
0    216  82    1  2187  6.9  main
0     12   5    0             @goto10574
0     12   5    0             @goto10587
 Inline         0             @cinit1

Program metrics:
    Functions               1
    Statements              78
    Comments                119
    Volume (V)              2200
    Difficulty (D)          6.7
    Effort to implement (E) 14651
    Time to implement (T)   14 minutes
    Est Delivered Bugs (B)  0
    Cyclomatic Complexity   24
    Maintainability (MI)    8

 Segment     Used  Free
-----------  ----  ----
00000-00003     4  0  
00004-007FF   261  1783  
00800-00FFF     0  2048  
01000-017FF     0  2048  
01800-01FFF     0  2048  



